<?xml version="1.0" encoding="UTF-8"?>
<testng-results ignored="0" total="2" passed="1" failed="1" skipped="0">
  <reporter-output>
    <line>
      <![CDATA[Test Data for the testcase is :: [UserName=admin, ExpectedURL=https://bptravel.blueprism.com/search.html, Password=admin]]]>
    </line>
    <line>
      <![CDATA[Text Entered into textbox:: admin]]>
    </line>
    <line>
      <![CDATA[Text Entered into textbox:: admin]]>
    </line>
    <line>
      <![CDATA[Current URL is : https://bptravel.blueprism.com/search.html]]>
    </line>
    <line>
      <![CDATA[Application successfully logged in with given credentialss]]>
    </line>
    <line>
      <![CDATA[Browser is closed]]>
    </line>
    <line>
      <![CDATA[Test Data for the testcase is :: [UserName=admin, ExpectedURL=https://bptravel.blueprism.com/search123.html, Password=admin]]]>
    </line>
    <line>
      <![CDATA[Text Entered into textbox:: admin]]>
    </line>
    <line>
      <![CDATA[Text Entered into textbox:: admin]]>
    </line>
    <line>
      <![CDATA[Current URL is : https://bptravel.blueprism.com/search.html]]>
    </line>
    <line>
      <![CDATA[Application landed to invalid page :: https://bptravel.blueprism.com/search.html]]>
    </line>
    <line>
      <![CDATA[Browser is closed]]>
    </line>
  </reporter-output>
  <suite started-at="2022-01-15T11:39:24 IST" name="Suite" finished-at="2022-01-15T11:39:41 IST" duration-ms="17706">
    <groups>
    </groups>
    <test started-at="2022-01-15T11:39:24 IST" name="Test" finished-at="2022-01-15T11:39:41 IST" duration-ms="17706">
      <class name="testcases.SmokeTest">
        <test-method is-config="true" signature="beforeSuite()[pri:0, instance:testcases.SmokeTest@61862a7f]" started-at="2022-01-15T11:39:23 IST" name="beforeSuite" finished-at="2022-01-15T11:39:24 IST" duration-ms="122" status="PASS">
          <reporter-output>
          </reporter-output>
        </test-method> <!-- beforeSuite -->
        <test-method is-config="true" signature="beforeClass()[pri:0, instance:testcases.SmokeTest@61862a7f]" started-at="2022-01-15T11:39:24 IST" name="beforeClass" finished-at="2022-01-15T11:39:24 IST" duration-ms="1" status="PASS">
          <reporter-output>
          </reporter-output>
        </test-method> <!-- beforeClass -->
        <test-method is-config="true" signature="beforeMethod()[pri:0, instance:testcases.SmokeTest@61862a7f]" started-at="2022-01-15T11:39:24 IST" name="beforeMethod" finished-at="2022-01-15T11:39:27 IST" duration-ms="3614" status="PASS">
          <reporter-output>
          </reporter-output>
        </test-method> <!-- beforeMethod -->
        <test-method signature="smokeTestcase_1()[pri:0, instance:testcases.SmokeTest@61862a7f]" started-at="2022-01-15T11:39:27 IST" name="smokeTestcase_1" finished-at="2022-01-15T11:39:29 IST" duration-ms="1657" status="PASS">
          <reporter-output>
            <line>
              <![CDATA[Test Data for the testcase is :: [UserName=admin, ExpectedURL=https://bptravel.blueprism.com/search.html, Password=admin]]]>
            </line>
            <line>
              <![CDATA[Text Entered into textbox:: admin]]>
            </line>
            <line>
              <![CDATA[Text Entered into textbox:: admin]]>
            </line>
            <line>
              <![CDATA[Current URL is : https://bptravel.blueprism.com/search.html]]>
            </line>
            <line>
              <![CDATA[Application successfully logged in with given credentialss]]>
            </line>
          </reporter-output>
        </test-method> <!-- smokeTestcase_1 -->
        <test-method is-config="true" signature="afterMethod()[pri:0, instance:testcases.SmokeTest@61862a7f]" started-at="2022-01-15T11:39:29 IST" name="afterMethod" finished-at="2022-01-15T11:39:33 IST" duration-ms="4157" status="PASS">
          <reporter-output>
            <line>
              <![CDATA[Browser is closed]]>
            </line>
          </reporter-output>
        </test-method> <!-- afterMethod -->
        <test-method is-config="true" signature="beforeMethod()[pri:0, instance:testcases.SmokeTest@61862a7f]" started-at="2022-01-15T11:39:33 IST" name="beforeMethod" finished-at="2022-01-15T11:39:36 IST" duration-ms="2695" status="PASS">
          <reporter-output>
          </reporter-output>
        </test-method> <!-- beforeMethod -->
        <test-method signature="smokeTestcase_2()[pri:0, instance:testcases.SmokeTest@61862a7f]" started-at="2022-01-15T11:39:36 IST" name="smokeTestcase_2" finished-at="2022-01-15T11:39:37 IST" duration-ms="1336" status="FAIL">
          <exception class="java.lang.AssertionError">
            <message>
              <![CDATA[The following asserts failed:
null]]>
            </message>
            <full-stacktrace>
              <![CDATA[java.lang.AssertionError: The following asserts failed:
null
at org.testng.asserts.SoftAssert.assertAll(SoftAssert.java:47)
at org.testng.asserts.SoftAssert.assertAll(SoftAssert.java:31)
at testcases.SmokeTest.smokeTestcase_2(SmokeTest.java:55)
at java.base/jdk.internal.reflect.NativeMethodAccessorImpl.invoke0(Native Method)
at java.base/jdk.internal.reflect.NativeMethodAccessorImpl.invoke(NativeMethodAccessorImpl.java:78)
at java.base/jdk.internal.reflect.DelegatingMethodAccessorImpl.invoke(DelegatingMethodAccessorImpl.java:43)
at java.base/java.lang.reflect.Method.invoke(Method.java:567)
at org.testng.internal.MethodInvocationHelper.invokeMethod(MethodInvocationHelper.java:133)
at org.testng.internal.TestInvoker.invokeMethod(TestInvoker.java:598)
at org.testng.internal.TestInvoker.invokeTestMethod(TestInvoker.java:173)
at org.testng.internal.MethodRunner.runInSequence(MethodRunner.java:46)
at org.testng.internal.TestInvoker$MethodInvocationAgent.invoke(TestInvoker.java:824)
at org.testng.internal.TestInvoker.invokeTestMethods(TestInvoker.java:146)
at org.testng.internal.TestMethodWorker.invokeTestMethods(TestMethodWorker.java:146)
at org.testng.internal.TestMethodWorker.run(TestMethodWorker.java:128)
at java.base/java.util.ArrayList.forEach(ArrayList.java:1511)
at org.testng.TestRunner.privateRun(TestRunner.java:794)
at org.testng.TestRunner.run(TestRunner.java:596)
at org.testng.SuiteRunner.runTest(SuiteRunner.java:377)
at org.testng.SuiteRunner.runSequentially(SuiteRunner.java:371)
at org.testng.SuiteRunner.privateRun(SuiteRunner.java:332)
at org.testng.SuiteRunner.run(SuiteRunner.java:276)
at org.testng.SuiteRunnerWorker.runSuite(SuiteRunnerWorker.java:53)
at org.testng.SuiteRunnerWorker.run(SuiteRunnerWorker.java:96)
at org.testng.TestNG.runSuitesSequentially(TestNG.java:1212)
at org.testng.TestNG.runSuitesLocally(TestNG.java:1134)
at org.testng.TestNG.runSuites(TestNG.java:1063)
at org.testng.TestNG.run(TestNG.java:1031)
at org.testng.remote.AbstractRemoteTestNG.run(AbstractRemoteTestNG.java:115)
at org.testng.remote.RemoteTestNG.initAndRun(RemoteTestNG.java:251)
at org.testng.remote.RemoteTestNG.main(RemoteTestNG.java:77)
]]>
            </full-stacktrace>
          </exception> <!-- java.lang.AssertionError -->
          <reporter-output>
            <line>
              <![CDATA[Test Data for the testcase is :: [UserName=admin, ExpectedURL=https://bptravel.blueprism.com/search123.html, Password=admin]]]>
            </line>
            <line>
              <![CDATA[Text Entered into textbox:: admin]]>
            </line>
            <line>
              <![CDATA[Text Entered into textbox:: admin]]>
            </line>
            <line>
              <![CDATA[Current URL is : https://bptravel.blueprism.com/search.html]]>
            </line>
            <line>
              <![CDATA[Application landed to invalid page :: https://bptravel.blueprism.com/search.html]]>
            </line>
          </reporter-output>
        </test-method> <!-- smokeTestcase_2 -->
        <test-method is-config="true" signature="afterMethod()[pri:0, instance:testcases.SmokeTest@61862a7f]" started-at="2022-01-15T11:39:37 IST" name="afterMethod" finished-at="2022-01-15T11:39:41 IST" duration-ms="4217" status="PASS">
          <reporter-output>
            <line>
              <![CDATA[Browser is closed]]>
            </line>
          </reporter-output>
        </test-method> <!-- afterMethod -->
        <test-method is-config="true" signature="afterSuite()[pri:0, instance:testcases.SmokeTest@61862a7f]" started-at="2022-01-15T11:39:41 IST" name="afterSuite" finished-at="2022-01-15T11:39:41 IST" duration-ms="118" status="PASS">
          <reporter-output>
          </reporter-output>
        </test-method> <!-- afterSuite -->
      </class> <!-- testcases.SmokeTest -->
    </test> <!-- Test -->
  </suite> <!-- Suite -->
</testng-results>
